<?xml version="1.0" encoding="utf-8"?>
<coverage line-rate="0.7051999999999999" branch-rate="0.6067" version="1.9" timestamp="1774303861" lines-covered="335" lines-valid="475" branches-covered="108" branches-valid="178">
  <sources>
    <source>C:\desktopContents\projects\SaaS\NuGetPackages\Logging.Client\src\Logging.Client\</source>
  </sources>
  <packages>
    <package name="Logging.Client" line-rate="0.7051999999999999" branch-rate="0.6067" complexity="207">
      <classes>
        <class name="System.Text.RegularExpressions.Generated.&lt;RegexGenerator_g&gt;F5DCE3CA2801BDC19CB3FA92540A5D0B924990231EB3FC9AC31B17B9C26D771BA__EmailRegex_0" filename="obj\Debug\net10.0\System.Text.RegularExpressions.Generator\System.Text.RegularExpressions.Generator.RegexGenerator\RegexGenerator.g.cs" line-rate="1" branch-rate="1" complexity="2">
          <methods>
            <method name=".ctor" signature="()" line-rate="1" branch-rate="1" complexity="1">
              <lines>
                <line number="74" hits="1" branch="False" />
                <line number="75" hits="1" branch="False" />
                <line number="76" hits="1" branch="False" />
                <line number="77" hits="1" branch="False" />
                <line number="78" hits="1" branch="False" />
                <line number="79" hits="1" branch="False" />
                <line number="80" hits="1" branch="False" />
                <line number="81" hits="1" branch="False" />
                <line number="82" hits="1" branch="False" />
              </lines>
            </method>
            <method name=".cctor" signature="()" line-rate="1" branch-rate="1" complexity="1">
              <lines>
                <line number="71" hits="1" branch="False" />
              </lines>
            </method>
          </methods>
          <lines>
            <line number="74" hits="1" branch="False" />
            <line number="75" hits="1" branch="False" />
            <line number="76" hits="1" branch="False" />
            <line number="77" hits="1" branch="False" />
            <line number="78" hits="1" branch="False" />
            <line number="79" hits="1" branch="False" />
            <line number="80" hits="1" branch="False" />
            <line number="81" hits="1" branch="False" />
            <line number="82" hits="1" branch="False" />
            <line number="71" hits="1" branch="False" />
          </lines>
        </class>
        <class name="System.Text.RegularExpressions.Generated.&lt;RegexGenerator_g&gt;F5DCE3CA2801BDC19CB3FA92540A5D0B924990231EB3FC9AC31B17B9C26D771BA__EmailRegex_0/RunnerFactory" filename="obj\Debug\net10.0\System.Text.RegularExpressions.Generator\System.Text.RegularExpressions.Generator.RegexGenerator\RegexGenerator.g.cs" line-rate="1" branch-rate="1" complexity="1">
          <methods>
            <method name="CreateInstance" signature="()" line-rate="1" branch-rate="1" complexity="1">
              <lines>
                <line number="88" hits="807" branch="False" />
              </lines>
            </method>
          </methods>
          <lines>
            <line number="88" hits="807" branch="False" />
          </lines>
        </class>
        <class name="System.Text.RegularExpressions.Generated.&lt;RegexGenerator_g&gt;F5DCE3CA2801BDC19CB3FA92540A5D0B924990231EB3FC9AC31B17B9C26D771BA__EmailRegex_0/RunnerFactory/Runner" filename="obj\Debug\net10.0\System.Text.RegularExpressions.Generator\System.Text.RegularExpressions.Generator.RegexGenerator\RegexGenerator.g.cs" line-rate="0.7383" branch-rate="0.6111" complexity="36">
          <methods>
            <method name="Scan" signature="(System.ReadOnlySpan`1&lt;System.Char&gt;)" line-rate="1" branch-rate="0.75" complexity="4">
              <lines>
                <line number="96" hits="3018" branch="False" />
                <line number="98" hits="3018" branch="True" condition-coverage="75% (3/4)">
                  <conditions>
                    <condition number="8" type="jump" coverage="50%" />
                    <condition number="25" type="jump" coverage="100%" />
                  </conditions>
                </line>
                <line number="99" hits="1011" branch="False" />
                <line number="100" hits="1011" branch="False" />
                <line number="101" hits="1011" branch="False" />
                <line number="102" hits="3018" branch="False" />
              </lines>
            </method>
            <method name="TryFindNextPossibleStartingPosition" signature="(System.ReadOnlySpan`1&lt;System.Char&gt;)" line-rate="0.7272" branch-rate="0.5" complexity="4">
              <lines>
                <line number="108" hits="3018" branch="False" />
                <line number="109" hits="3018" branch="False" />
                <line number="112" hits="3018" branch="True" condition-coverage="50% (1/2)">
                  <conditions>
                    <condition number="25" type="jump" coverage="50%" />
                  </conditions>
                </line>
                <line number="113" hits="3018" branch="False" />
                <line number="115" hits="3018" branch="True" condition-coverage="50% (1/2)">
                  <conditions>
                    <condition number="34" type="jump" coverage="50%" />
                  </conditions>
                </line>
                <line number="116" hits="3018" branch="False" />
                <line number="117" hits="3018" branch="False" />
                <line number="119" hits="0" branch="False" />
                <line number="122" hits="0" branch="False" />
                <line number="123" hits="0" branch="False" />
                <line number="124" hits="3018" branch="False" />
              </lines>
            </method>
            <method name="TryMatchAtCurrentPosition" signature="(System.ReadOnlySpan`1&lt;System.Char&gt;)" line-rate="0.7023" branch-rate="0.5769" complexity="26">
              <lines>
                <line number="130" hits="3018" branch="False" />
                <line number="131" hits="3018" branch="False" />
                <line number="132" hits="3018" branch="False" />
                <line number="133" hits="3018" branch="False" />
                <line number="134" hits="3018" branch="False" />
                <line number="135" hits="3018" branch="False" />
                <line number="136" hits="3018" branch="False" />
                <line number="137" hits="6036" branch="False" />
                <line number="138" hits="3018" branch="False" />
                <line number="141" hits="3018" branch="True" condition-coverage="50% (1/2)">
                  <conditions>
                    <condition number="44" type="jump" coverage="50%" />
                  </conditions>
                </line>
                <line number="142" hits="0" branch="False" />
                <line number="143" hits="0" branch="False" />
                <line number="144" hits="0" branch="False" />
                <line number="148" hits="3018" branch="False" />
                <line number="149" hits="3018" branch="False" />
                <line number="152" hits="3018" branch="True" condition-coverage="50% (2/4)">
                  <conditions>
                    <condition number="73" type="jump" coverage="50%" />
                    <condition number="95" type="jump" coverage="50%" />
                  </conditions>
                </line>
                <line number="153" hits="0" branch="False" />
                <line number="154" hits="0" branch="False" />
                <line number="155" hits="0" branch="False" />
                <line number="158" hits="3018" branch="False" />
                <line number="159" hits="3018" branch="False" />
                <line number="160" hits="3018" branch="False" />
                <line number="161" hits="3018" branch="False" />
                <line number="164" hits="3018" branch="False" />
                <line number="165" hits="3018" branch="False" />
                <line number="168" hits="3018" branch="False" />
                <line number="169" hits="3018" branch="False" />
                <line number="170" hits="3018" branch="True" condition-coverage="100% (2/2)">
                  <conditions>
                    <condition number="163" type="jump" coverage="100%" />
                  </conditions>
                </line>
                <line number="171" hits="1011" branch="False" />
                <line number="172" hits="1011" branch="False" />
                <line number="173" hits="1011" branch="False" />
                <line number="175" hits="3018" branch="False" />
                <line number="176" hits="3018" branch="False" />
                <line number="177" hits="3018" branch="False" />
                <line number="179" hits="3018" branch="False" />
                <line number="180" hits="3018" branch="False" />
                <line number="184" hits="3018" branch="False" />
                <line number="187" hits="3018" branch="True" condition-coverage="100% (4/4)">
                  <conditions>
                    <condition number="214" type="jump" coverage="100%" />
                    <condition number="239" type="jump" coverage="100%" />
                  </conditions>
                </line>
                <line number="188" hits="1011" branch="False" />
                <line number="189" hits="1011" branch="False" />
                <line number="190" hits="1011" branch="False" />
                <line number="195" hits="2007" branch="False" />
                <line number="196" hits="2007" branch="False" />
                <line number="197" hits="2007" branch="False" />
                <line number="199" hits="2007" branch="False" />
                <line number="200" hits="2007" branch="True" condition-coverage="100% (2/2)">
                  <conditions>
                    <condition number="295" type="jump" coverage="100%" />
                  </conditions>
                </line>
                <line number="201" hits="2007" branch="False" />
                <line number="202" hits="2007" branch="False" />
                <line number="203" hits="2007" branch="False" />
                <line number="205" hits="2007" branch="True" condition-coverage="50% (1/2)">
                  <conditions>
                    <condition number="317" type="jump" coverage="50%" />
                  </conditions>
                </line>
                <line number="206" hits="0" branch="False" />
                <line number="207" hits="0" branch="False" />
                <line number="208" hits="0" branch="False" />
                <line number="211" hits="2007" branch="False" />
                <line number="212" hits="2007" branch="False" />
                <line number="214" hits="2007" branch="False" />
                <line number="215" hits="2007" branch="False" />
                <line number="216" hits="2007" branch="False" />
                <line number="218" hits="0" branch="False" />
                <line number="219" hits="0" branch="False" />
                <line number="221" hits="0" branch="True" condition-coverage="0% (0/2)">
                  <conditions>
                    <condition number="382" type="jump" coverage="0%" />
                  </conditions>
                </line>
                <line number="222" hits="0" branch="False" />
                <line number="223" hits="0" branch="False" />
                <line number="224" hits="0" branch="False" />
                <line number="226" hits="0" branch="True" condition-coverage="0% (0/2)">
                  <conditions>
                    <condition number="406" type="jump" coverage="0%" />
                  </conditions>
                </line>
                <line number="227" hits="0" branch="False" />
                <line number="228" hits="0" branch="False" />
                <line number="229" hits="0" branch="False" />
                <line number="231" hits="0" branch="False" />
                <line number="232" hits="0" branch="False" />
                <line number="234" hits="2007" branch="False" />
                <line number="235" hits="2007" branch="False" />
                <line number="238" hits="2007" branch="False" />
                <line number="240" hits="2007" branch="False" />
                <line number="242" hits="0" branch="False" />
                <line number="243" hits="0" branch="False" />
                <line number="245" hits="4014" branch="False" />
                <line number="249" hits="2007" branch="True" condition-coverage="50% (3/6)">
                  <conditions>
                    <condition number="477" type="jump" coverage="50%" />
                    <condition number="487" type="jump" coverage="50%" />
                    <condition number="515" type="jump" coverage="50%" />
                  </conditions>
                </line>
                <line number="250" hits="0" branch="False" />
                <line number="251" hits="0" branch="False" />
                <line number="255" hits="2007" branch="False" />
                <line number="256" hits="2007" branch="False" />
                <line number="257" hits="2007" branch="False" />
                <line number="268" hits="3018" branch="False" />
              </lines>
            </method>
            <method name="&lt;TryMatchAtCurrentPosition&gt;g__UncaptureUntil|2_0" signature="(System.Int32)" line-rate="1" branch-rate="1" complexity="2">
              <lines>
                <line number="262" hits="1011" branch="False" />
                <line number="263" hits="3033" branch="True" condition-coverage="100% (2/2)">
                  <conditions>
                    <condition number="23" type="jump" coverage="100%" />
                  </conditions>
                </line>
                <line number="264" hits="2022" branch="False" />
                <line number="265" hits="2022" branch="False" />
                <line number="266" hits="2022" branch="False" />
                <line number="267" hits="1011" branch="False" />
              </lines>
            </method>
          </methods>
          <lines>
            <line number="96" hits="3018" branch="False" />
            <line number="98" hits="3018" branch="True" condition-coverage="75% (3/4)">
              <conditions>
                <condition number="8" type="jump" coverage="50%" />
                <condition number="25" type="jump" coverage="100%" />
              </conditions>
            </line>
            <line number="99" hits="1011" branch="False" />
            <line number="100" hits="1011" branch="False" />
            <line number="101" hits="1011" branch="False" />
            <line number="102" hits="3018" branch="False" />
            <line number="108" hits="3018" branch="False" />
            <line number="109" hits="3018" branch="False" />
            <line number="112" hits="3018" branch="True" condition-coverage="50% (1/2)">
              <conditions>
                <condition number="25" type="jump" coverage="50%" />
              </conditions>
            </line>
            <line number="113" hits="3018" branch="False" />
            <line number="115" hits="3018" branch="True" condition-coverage="50% (1/2)">
              <conditions>
                <condition number="34" type="jump" coverage="50%" />
              </conditions>
            </line>
            <line number="116" hits="3018" branch="False" />
            <line number="117" hits="3018" branch="False" />
            <line number="119" hits="0" branch="False" />
            <line number="122" hits="0" branch="False" />
            <line number="123" hits="0" branch="False" />
            <line number="124" hits="3018" branch="False" />
            <line number="130" hits="3018" branch="False" />
            <line number="131" hits="3018" branch="False" />
            <line number="132" hits="3018" branch="False" />
            <line number="133" hits="3018" branch="False" />
            <line number="134" hits="3018" branch="False" />
            <line number="135" hits="3018" branch="False" />
            <line number="136" hits="3018" branch="False" />
            <line number="137" hits="6036" branch="False" />
            <line number="138" hits="3018" branch="False" />
            <line number="141" hits="3018" branch="True" condition-coverage="50% (1/2)">
              <conditions>
                <condition number="44" type="jump" coverage="50%" />
              </conditions>
            </line>
            <line number="142" hits="0" branch="False" />
            <line number="143" hits="0" branch="False" />
            <line number="144" hits="0" branch="False" />
            <line number="148" hits="3018" branch="False" />
            <line number="149" hits="3018" branch="False" />
            <line number="152" hits="3018" branch="True" condition-coverage="50% (2/4)">
              <conditions>
                <condition number="73" type="jump" coverage="50%" />
                <condition number="95" type="jump" coverage="50%" />
              </conditions>
            </line>
            <line number="153" hits="0" branch="False" />
            <line number="154" hits="0" branch="False" />
            <line number="155" hits="0" branch="False" />
            <line number="158" hits="3018" branch="False" />
            <line number="159" hits="3018" branch="False" />
            <line number="160" hits="3018" branch="False" />
            <line number="161" hits="3018" branch="False" />
            <line number="164" hits="3018" branch="False" />
            <line number="165" hits="3018" branch="False" />
            <line number="168" hits="3018" branch="False" />
            <line number="169" hits="3018" branch="False" />
            <line number="170" hits="3018" branch="True" condition-coverage="100% (2/2)">
              <conditions>
                <condition number="163" type="jump" coverage="100%" />
              </conditions>
            </line>
            <line number="171" hits="1011" branch="False" />
            <line number="172" hits="1011" branch="False" />
            <line number="173" hits="1011" branch="False" />
            <line number="175" hits="3018" branch="False" />
            <line number="176" hits="3018" branch="False" />
            <line number="177" hits="3018" branch="False" />
            <line number="179" hits="3018" branch="False" />
            <line number="180" hits="3018" branch="False" />
            <line number="184" hits="3018" branch="False" />
            <line number="187" hits="3018" branch="True" condition-coverage="100% (4/4)">
              <conditions>
                <condition number="214" type="jump" coverage="100%" />
                <condition number="239" type="jump" coverage="100%" />
              </conditions>
            </line>
            <line number="188" hits="1011" branch="False" />
            <line number="189" hits="1011" branch="False" />
            <line number="190" hits="1011" branch="False" />
            <line number="195" hits="2007" branch="False" />
            <line number="196" hits="2007" branch="False" />
            <line number="197" hits="2007" branch="False" />
            <line number="199" hits="2007" branch="False" />
            <line number="200" hits="2007" branch="True" condition-coverage="100% (2/2)">
              <conditions>
                <condition number="295" type="jump" coverage="100%" />
              </conditions>
            </line>
            <line number="201" hits="2007" branch="False" />
            <line number="202" hits="2007" branch="False" />
            <line number="203" hits="2007" branch="False" />
            <line number="205" hits="2007" branch="True" condition-coverage="50% (1/2)">
              <conditions>
                <condition number="317" type="jump" coverage="50%" />
              </conditions>
            </line>
            <line number="206" hits="0" branch="False" />
            <line number="207" hits="0" branch="False" />
            <line number="208" hits="0" branch="False" />
            <line number="211" hits="2007" branch="False" />
            <line number="212" hits="2007" branch="False" />
            <line number="214" hits="2007" branch="False" />
            <line number="215" hits="2007" branch="False" />
            <line number="216" hits="2007" branch="False" />
            <line number="218" hits="0" branch="False" />
            <line number="219" hits="0" branch="False" />
            <line number="221" hits="0" branch="True" condition-coverage="0% (0/2)">
              <conditions>
                <condition number="382" type="jump" coverage="0%" />
              </conditions>
            </line>
            <line number="222" hits="0" branch="False" />
            <line number="223" hits="0" branch="False" />
            <line number="224" hits="0" branch="False" />
            <line number="226" hits="0" branch="True" condition-coverage="0% (0/2)">
              <conditions>
                <condition number="406" type="jump" coverage="0%" />
              </conditions>
            </line>
            <line number="227" hits="0" branch="False" />
            <line number="228" hits="0" branch="False" />
            <line number="229" hits="0" branch="False" />
            <line number="231" hits="0" branch="False" />
            <line number="232" hits="0" branch="False" />
            <line number="234" hits="2007" branch="False" />
            <line number="235" hits="2007" branch="False" />
            <line number="238" hits="2007" branch="False" />
            <line number="240" hits="2007" branch="False" />
            <line number="242" hits="0" branch="False" />
            <line number="243" hits="0" branch="False" />
            <line number="245" hits="4014" branch="False" />
            <line number="249" hits="2007" branch="True" condition-coverage="50% (3/6)">
              <conditions>
                <condition number="477" type="jump" coverage="50%" />
                <condition number="487" type="jump" coverage="50%" />
                <condition number="515" type="jump" coverage="50%" />
              </conditions>
            </line>
            <line number="250" hits="0" branch="False" />
            <line number="251" hits="0" branch="False" />
            <line number="255" hits="2007" branch="False" />
            <line number="256" hits="2007" branch="False" />
            <line number="257" hits="2007" branch="False" />
            <line number="268" hits="3018" branch="False" />
            <line number="262" hits="1011" branch="False" />
            <line number="263" hits="3033" branch="True" condition-coverage="100% (2/2)">
              <conditions>
                <condition number="23" type="jump" coverage="100%" />
              </conditions>
            </line>
            <line number="264" hits="2022" branch="False" />
            <line number="265" hits="2022" branch="False" />
            <line number="266" hits="2022" branch="False" />
            <line number="267" hits="1011" branch="False" />
          </lines>
        </class>
        <class name="System.Text.RegularExpressions.Generated.&lt;RegexGenerator_g&gt;F5DCE3CA2801BDC19CB3FA92540A5D0B924990231EB3FC9AC31B17B9C26D771BA__PhoneRegex_1" filename="obj\Debug\net10.0\System.Text.RegularExpressions.Generator\System.Text.RegularExpressions.Generator.RegexGenerator\RegexGenerator.g.cs" line-rate="1" branch-rate="1" complexity="2">
          <methods>
            <method name=".ctor" signature="()" line-rate="1" branch-rate="1" complexity="1">
              <lines>
                <line number="282" hits="1" branch="False" />
                <line number="283" hits="1" branch="False" />
                <line number="284" hits="1" branch="False" />
                <line number="285" hits="1" branch="False" />
                <line number="286" hits="1" branch="False" />
                <line number="287" hits="1" branch="False" />
                <line number="288" hits="1" branch="False" />
                <line number="289" hits="1" branch="False" />
                <line number="290" hits="1" branch="False" />
              </lines>
            </method>
            <method name=".cctor" signature="()" line-rate="1" branch-rate="1" complexity="1">
              <lines>
                <line number="279" hits="1" branch="False" />
              </lines>
            </method>
          </methods>
          <lines>
            <line number="282" hits="1" branch="False" />
            <line number="283" hits="1" branch="False" />
            <line number="284" hits="1" branch="False" />
            <line number="285" hits="1" branch="False" />
            <line number="286" hits="1" branch="False" />
            <line number="287" hits="1" branch="False" />
            <line number="288" hits="1" branch="False" />
            <line number="289" hits="1" branch="False" />
            <line number="290" hits="1" branch="False" />
            <line number="279" hits="1" branch="False" />
          </lines>
        </class>
        <class name="System.Text.RegularExpressions.Generated.&lt;RegexGenerator_g&gt;F5DCE3CA2801BDC19CB3FA92540A5D0B924990231EB3FC9AC31B17B9C26D771BA__PhoneRegex_1/RunnerFactory" filename="obj\Debug\net10.0\System.Text.RegularExpressions.Generator\System.Text.RegularExpressions.Generator.RegexGenerator\RegexGenerator.g.cs" line-rate="1" branch-rate="1" complexity="1">
          <methods>
            <method name="CreateInstance" signature="()" line-rate="1" branch-rate="1" complexity="1">
              <lines>
                <line number="296" hits="446" branch="False" />
              </lines>
            </method>
          </methods>
          <lines>
            <line number="296" hits="446" branch="False" />
          </lines>
        </class>
        <class name="System.Text.RegularExpressions.Generated.&lt;RegexGenerator_g&gt;F5DCE3CA2801BDC19CB3FA92540A5D0B924990231EB3FC9AC31B17B9C26D771BA__PhoneRegex_1/RunnerFactory/Runner" filename="obj\Debug\net10.0\System.Text.RegularExpressions.Generator\System.Text.RegularExpressions.Generator.RegexGenerator\RegexGenerator.g.cs" line-rate="0.7656000000000001" branch-rate="0.6562" complexity="32">
          <methods>
            <method name="Scan" signature="(System.ReadOnlySpan`1&lt;System.Char&gt;)" line-rate="1" branch-rate="1" complexity="4">
              <lines>
                <line number="304" hits="1011" branch="False" />
                <line number="306" hits="1011" branch="True" condition-coverage="100% (4/4)">
                  <conditions>
                    <condition number="8" type="jump" coverage="100%" />
                    <condition number="25" type="jump" coverage="100%" />
                  </conditions>
                </line>
                <line number="307" hits="6" branch="False" />
                <line number="308" hits="6" branch="False" />
                <line number="309" hits="6" branch="False" />
                <line number="310" hits="1011" branch="False" />
              </lines>
            </method>
            <method name="TryFindNextPossibleStartingPosition" signature="(System.ReadOnlySpan`1&lt;System.Char&gt;)" line-rate="0.909" branch-rate="0.75" complexity="4">
              <lines>
                <line number="316" hits="1011" branch="False" />
                <line number="317" hits="1011" branch="False" />
                <line number="320" hits="1011" branch="True" condition-coverage="100% (2/2)">
                  <conditions>
                    <condition number="25" type="jump" coverage="100%" />
                  </conditions>
                </line>
                <line number="321" hits="1010" branch="False" />
                <line number="323" hits="1010" branch="True" condition-coverage="50% (1/2)">
                  <conditions>
                    <condition number="34" type="jump" coverage="50%" />
                  </conditions>
                </line>
                <line number="324" hits="1010" branch="False" />
                <line number="325" hits="1010" branch="False" />
                <line number="327" hits="0" branch="False" />
                <line number="330" hits="1" branch="False" />
                <line number="331" hits="1" branch="False" />
                <line number="332" hits="1011" branch="False" />
              </lines>
            </method>
            <method name="TryMatchAtCurrentPosition" signature="(System.ReadOnlySpan`1&lt;System.Char&gt;)" line-rate="0.7021" branch-rate="0.5832999999999999" complexity="24">
              <lines>
                <line number="338" hits="1010" branch="False" />
                <line number="339" hits="1010" branch="False" />
                <line number="340" hits="1010" branch="False" />
                <line number="342" hits="2020" branch="False" />
                <line number="343" hits="1010" branch="False" />
                <line number="346" hits="1010" branch="True" condition-coverage="50% (1/2)">
                  <conditions>
                    <condition number="33" type="jump" coverage="50%" />
                  </conditions>
                </line>
                <line number="347" hits="0" branch="False" />
                <line number="348" hits="0" branch="False" />
                <line number="352" hits="1010" branch="False" />
                <line number="353" hits="1010" branch="True" condition-coverage="75% (3/4)">
                  <conditions>
                    <condition number="52" type="jump" coverage="50%" />
                    <condition number="74" type="jump" coverage="100%" />
                  </conditions>
                </line>
                <line number="354" hits="1" branch="False" />
                <line number="355" hits="1" branch="False" />
                <line number="356" hits="1" branch="False" />
                <line number="357" hits="1" branch="False" />
                <line number="358" hits="1010" branch="False" />
                <line number="362" hits="1010" branch="False" />
                <line number="364" hits="1010" branch="False" />
                <line number="365" hits="13064" branch="True" condition-coverage="83.33% (5/6)">
                  <conditions>
                    <condition number="184" type="jump" coverage="100%" />
                    <condition number="117" type="jump" coverage="100%" />
                    <condition number="136" type="jump" coverage="50%" />
                  </conditions>
                </line>
                <line number="366" hits="12054" branch="False" />
                <line number="367" hits="12054" branch="False" />
                <line number="368" hits="12054" branch="False" />
                <line number="370" hits="1010" branch="True" condition-coverage="100% (2/2)">
                  <conditions>
                    <condition number="195" type="jump" coverage="100%" />
                  </conditions>
                </line>
                <line number="371" hits="6" branch="False" />
                <line number="372" hits="6" branch="False" />
                <line number="375" hits="1004" branch="False" />
                <line number="376" hits="1004" branch="False" />
                <line number="378" hits="1004" branch="False" />
                <line number="379" hits="1004" branch="False" />
                <line number="380" hits="1004" branch="False" />
                <line number="382" hits="0" branch="False" />
                <line number="384" hits="0" branch="True" condition-coverage="0% (0/2)">
                  <conditions>
                    <condition number="241" type="jump" coverage="0%" />
                  </conditions>
                </line>
                <line number="385" hits="0" branch="False" />
                <line number="386" hits="0" branch="False" />
                <line number="387" hits="0" branch="False" />
                <line number="389" hits="0" branch="True" condition-coverage="0% (0/2)">
                  <conditions>
                    <condition number="264" type="jump" coverage="0%" />
                  </conditions>
                </line>
                <line number="390" hits="0" branch="False" />
                <line number="391" hits="0" branch="False" />
                <line number="393" hits="0" branch="False" />
                <line number="394" hits="0" branch="False" />
                <line number="396" hits="1004" branch="False" />
                <line number="400" hits="1004" branch="True" condition-coverage="50% (3/6)">
                  <conditions>
                    <condition number="301" type="jump" coverage="50%" />
                    <condition number="311" type="jump" coverage="50%" />
                    <condition number="339" type="jump" coverage="50%" />
                  </conditions>
                </line>
                <line number="401" hits="0" branch="False" />
                <line number="402" hits="0" branch="False" />
                <line number="406" hits="1004" branch="False" />
                <line number="407" hits="1004" branch="False" />
                <line number="408" hits="1004" branch="False" />
                <line number="409" hits="1010" branch="False" />
              </lines>
            </method>
          </methods>
          <lines>
            <line number="304" hits="1011" branch="False" />
            <line number="306" hits="1011" branch="True" condition-coverage="100% (4/4)">
              <conditions>
                <condition number="8" type="jump" coverage="100%" />
                <condition number="25" type="jump" coverage="100%" />
              </conditions>
            </line>
            <line number="307" hits="6" branch="False" />
            <line number="308" hits="6" branch="False" />
            <line number="309" hits="6" branch="False" />
            <line number="310" hits="1011" branch="False" />
            <line number="316" hits="1011" branch="False" />
            <line number="317" hits="1011" branch="False" />
            <line number="320" hits="1011" branch="True" condition-coverage="100% (2/2)">
              <conditions>
                <condition number="25" type="jump" coverage="100%" />
              </conditions>
            </line>
            <line number="321" hits="1010" branch="False" />
            <line number="323" hits="1010" branch="True" condition-coverage="50% (1/2)">
              <conditions>
                <condition number="34" type="jump" coverage="50%" />
              </conditions>
            </line>
            <line number="324" hits="1010" branch="False" />
            <line number="325" hits="1010" branch="False" />
            <line number="327" hits="0" branch="False" />
            <line number="330" hits="1" branch="False" />
            <line number="331" hits="1" branch="False" />
            <line number="332" hits="1011" branch="False" />
            <line number="338" hits="1010" branch="False" />
            <line number="339" hits="1010" branch="False" />
            <line number="340" hits="1010" branch="False" />
            <line number="342" hits="2020" branch="False" />
            <line number="343" hits="1010" branch="False" />
            <line number="346" hits="1010" branch="True" condition-coverage="50% (1/2)">
              <conditions>
                <condition number="33" type="jump" coverage="50%" />
              </conditions>
            </line>
            <line number="347" hits="0" branch="False" />
            <line number="348" hits="0" branch="False" />
            <line number="352" hits="1010" branch="False" />
            <line number="353" hits="1010" branch="True" condition-coverage="75% (3/4)">
              <conditions>
                <condition number="52" type="jump" coverage="50%" />
                <condition number="74" type="jump" coverage="100%" />
              </conditions>
            </line>
            <line number="354" hits="1" branch="False" />
            <line number="355" hits="1" branch="False" />
            <line number="356" hits="1" branch="False" />
            <line number="357" hits="1" branch="False" />
            <line number="358" hits="1010" branch="False" />
            <line number="362" hits="1010" branch="False" />
            <line number="364" hits="1010" branch="False" />
            <line number="365" hits="13064" branch="True" condition-coverage="83.33% (5/6)">
              <conditions>
                <condition number="184" type="jump" coverage="100%" />
                <condition number="117" type="jump" coverage="100%" />
                <condition number="136" type="jump" coverage="50%" />
              </conditions>
            </line>
            <line number="366" hits="12054" branch="False" />
            <line number="367" hits="12054" branch="False" />
            <line number="368" hits="12054" branch="False" />
            <line number="370" hits="1010" branch="True" condition-coverage="100% (2/2)">
              <conditions>
                <condition number="195" type="jump" coverage="100%" />
              </conditions>
            </line>
            <line number="371" hits="6" branch="False" />
            <line number="372" hits="6" branch="False" />
            <line number="375" hits="1004" branch="False" />
            <line number="376" hits="1004" branch="False" />
            <line number="378" hits="1004" branch="False" />
            <line number="379" hits="1004" branch="False" />
            <line number="380" hits="1004" branch="False" />
            <line number="382" hits="0" branch="False" />
            <line number="384" hits="0" branch="True" condition-coverage="0% (0/2)">
              <conditions>
                <condition number="241" type="jump" coverage="0%" />
              </conditions>
            </line>
            <line number="385" hits="0" branch="False" />
            <line number="386" hits="0" branch="False" />
            <line number="387" hits="0" branch="False" />
            <line number="389" hits="0" branch="True" condition-coverage="0% (0/2)">
              <conditions>
                <condition number="264" type="jump" coverage="0%" />
              </conditions>
            </line>
            <line number="390" hits="0" branch="False" />
            <line number="391" hits="0" branch="False" />
            <line number="393" hits="0" branch="False" />
            <line number="394" hits="0" branch="False" />
            <line number="396" hits="1004" branch="False" />
            <line number="400" hits="1004" branch="True" condition-coverage="50% (3/6)">
              <conditions>
                <condition number="301" type="jump" coverage="50%" />
                <condition number="311" type="jump" coverage="50%" />
                <condition number="339" type="jump" coverage="50%" />
              </conditions>
            </line>
            <line number="401" hits="0" branch="False" />
            <line number="402" hits="0" branch="False" />
            <line number="406" hits="1004" branch="False" />
            <line number="407" hits="1004" branch="False" />
            <line number="408" hits="1004" branch="False" />
            <line number="409" hits="1010" branch="False" />
          </lines>
        </class>
        <class name="System.Text.RegularExpressions.Generated.&lt;RegexGenerator_g&gt;F5DCE3CA2801BDC19CB3FA92540A5D0B924990231EB3FC9AC31B17B9C26D771BA__Utilities" filename="obj\Debug\net10.0\System.Text.RegularExpressions.Generator\System.Text.RegularExpressions.Generator.RegexGenerator\RegexGenerator.g.cs" line-rate="1" branch-rate="0.5" complexity="2">
          <methods>
            <method name=".cctor" signature="()" line-rate="1" branch-rate="0.5" complexity="2">
              <lines>
                <line number="420" hits="1" branch="True" condition-coverage="50% (1/2)">
                  <conditions>
                    <condition number="17" type="jump" coverage="50%" />
                  </conditions>
                </line>
                <line number="423" hits="1" branch="False" />
              </lines>
            </method>
          </methods>
          <lines>
            <line number="420" hits="1" branch="True" condition-coverage="50% (1/2)">
              <conditions>
                <condition number="17" type="jump" coverage="50%" />
              </conditions>
            </line>
            <line number="423" hits="1" branch="False" />
          </lines>
        </class>
        <class name="Logging.Client.Masking.PiiMaskingPolicy" filename="obj\Debug\net10.0\System.Text.RegularExpressions.Generator\System.Text.RegularExpressions.Generator.RegexGenerator\RegexGenerator.g.cs" line-rate="1" branch-rate="1" complexity="2">
          <methods>
            <method name="EmailRegex" signature="()" line-rate="1" branch-rate="1" complexity="1">
              <lines>
                <line number="28" hits="3018" branch="False" />
              </lines>
            </method>
            <method name="PhoneRegex" signature="()" line-rate="1" branch-rate="1" complexity="1">
              <lines>
                <line number="50" hits="1011" branch="False" />
              </lines>
            </method>
          </methods>
          <lines>
            <line number="28" hits="3018" branch="False" />
            <line number="50" hits="1011" branch="False" />
          </lines>
        </class>
        <class name="Logging.Client.Middleware.CorrelationIdMiddleware" filename="Middleware\CorrelationIdMiddleware.cs" line-rate="1" branch-rate="1" complexity="1">
          <methods>
            <method name=".ctor" signature="(Microsoft.AspNetCore.Http.RequestDelegate)" line-rate="1" branch-rate="1" complexity="1">
              <lines>
                <line number="23" hits="105" branch="False" />
                <line number="24" hits="105" branch="False" />
                <line number="25" hits="105" branch="False" />
                <line number="26" hits="105" branch="False" />
              </lines>
            </method>
          </methods>
          <lines>
            <line number="23" hits="105" branch="False" />
            <line number="24" hits="105" branch="False" />
            <line number="25" hits="105" branch="False" />
            <line number="26" hits="105" branch="False" />
          </lines>
        </class>
        <class name="Logging.Client.Middleware.CorrelationIdMiddleware/&lt;InvokeAsync&gt;d__3" filename="Middleware\CorrelationIdMiddleware.cs" line-rate="1" branch-rate="1" complexity="2">
          <methods>
            <method name="MoveNext" signature="()" line-rate="1" branch-rate="1" complexity="2">
              <lines>
                <line number="32" hits="105" branch="False" />
                <line number="33" hits="105" branch="True" condition-coverage="100% (2/2)">
                  <conditions>
                    <condition number="56" type="jump" coverage="100%" />
                  </conditions>
                </line>
                <line number="34" hits="105" branch="False" />
                <line number="37" hits="105" branch="False" />
                <line number="40" hits="105" branch="False" />
                <line number="43" hits="105" branch="False" />
                <line number="44" hits="105" branch="False" />
                <line number="45" hits="105" branch="False" />
                <line number="46" hits="105" branch="False" />
                <line number="47" hits="105" branch="False" />
              </lines>
            </method>
          </methods>
          <lines>
            <line number="32" hits="105" branch="False" />
            <line number="33" hits="105" branch="True" condition-coverage="100% (2/2)">
              <conditions>
                <condition number="56" type="jump" coverage="100%" />
              </conditions>
            </line>
            <line number="34" hits="105" branch="False" />
            <line number="37" hits="105" branch="False" />
            <line number="40" hits="105" branch="False" />
            <line number="43" hits="105" branch="False" />
            <line number="44" hits="105" branch="False" />
            <line number="45" hits="105" branch="False" />
            <line number="46" hits="105" branch="False" />
            <line number="47" hits="105" branch="False" />
          </lines>
        </class>
        <class name="Logging.Client.Middleware.RequestLoggingMiddleware" filename="Middleware\RequestLoggingMiddleware.cs" line-rate="0" branch-rate="0" complexity="16">
          <methods>
            <method name="UseRequestLogging" signature="(Microsoft.AspNetCore.Builder.IApplicationBuilder)" line-rate="0" branch-rate="0" complexity="16">
              <lines>
                <line number="17" hits="0" branch="False" />
                <line number="18" hits="0" branch="False" />
                <line number="19" hits="0" branch="False" />
                <line number="20" hits="0" branch="False" />
                <line number="21" hits="0" branch="False" />
                <line number="22" hits="0" branch="False" />
                <line number="23" hits="0" branch="True" condition-coverage="0% (0/4)">
                  <conditions>
                    <condition number="8" type="jump" coverage="0%" />
                    <condition number="25" type="jump" coverage="0%" />
                  </conditions>
                </line>
                <line number="24" hits="0" branch="True" condition-coverage="0% (0/2)">
                  <conditions>
                    <condition number="48" type="jump" coverage="0%" />
                  </conditions>
                </line>
                <line number="25" hits="0" branch="False" />
                <line number="26" hits="0" branch="False" />
                <line number="27" hits="0" branch="False" />
                <line number="28" hits="0" branch="True" condition-coverage="0% (0/4)">
                  <conditions>
                    <condition number="71" type="jump" coverage="0%" />
                    <condition number="88" type="jump" coverage="0%" />
                  </conditions>
                </line>
                <line number="29" hits="0" branch="True" condition-coverage="0% (0/2)">
                  <conditions>
                    <condition number="111" type="jump" coverage="0%" />
                  </conditions>
                </line>
                <line number="30" hits="0" branch="False" />
                <line number="31" hits="0" branch="False" />
                <line number="32" hits="0" branch="False" />
                <line number="33" hits="0" branch="True" condition-coverage="0% (0/2)">
                  <conditions>
                    <condition number="154" type="jump" coverage="0%" />
                  </conditions>
                </line>
                <line number="34" hits="0" branch="True" condition-coverage="0% (0/2)">
                  <conditions>
                    <condition number="202" type="jump" coverage="0%" />
                  </conditions>
                </line>
                <line number="35" hits="0" branch="False" />
                <line number="36" hits="0" branch="False" />
                <line number="37" hits="0" branch="False" />
              </lines>
            </method>
          </methods>
          <lines>
            <line number="17" hits="0" branch="False" />
            <line number="18" hits="0" branch="False" />
            <line number="19" hits="0" branch="False" />
            <line number="20" hits="0" branch="False" />
            <line number="21" hits="0" branch="False" />
            <line number="22" hits="0" branch="False" />
            <line number="23" hits="0" branch="True" condition-coverage="0% (0/4)">
              <conditions>
                <condition number="8" type="jump" coverage="0%" />
                <condition number="25" type="jump" coverage="0%" />
              </conditions>
            </line>
            <line number="24" hits="0" branch="True" condition-coverage="0% (0/2)">
              <conditions>
                <condition number="48" type="jump" coverage="0%" />
              </conditions>
            </line>
            <line number="25" hits="0" branch="False" />
            <line number="26" hits="0" branch="False" />
            <line number="27" hits="0" branch="False" />
            <line number="28" hits="0" branch="True" condition-coverage="0% (0/4)">
              <conditions>
                <condition number="71" type="jump" coverage="0%" />
                <condition number="88" type="jump" coverage="0%" />
              </conditions>
            </line>
            <line number="29" hits="0" branch="True" condition-coverage="0% (0/2)">
              <conditions>
                <condition number="111" type="jump" coverage="0%" />
              </conditions>
            </line>
            <line number="30" hits="0" branch="False" />
            <line number="31" hits="0" branch="False" />
            <line number="32" hits="0" branch="False" />
            <line number="33" hits="0" branch="True" condition-coverage="0% (0/2)">
              <conditions>
                <condition number="154" type="jump" coverage="0%" />
              </conditions>
            </line>
            <line number="34" hits="0" branch="True" condition-coverage="0% (0/2)">
              <conditions>
                <condition number="202" type="jump" coverage="0%" />
              </conditions>
            </line>
            <line number="35" hits="0" branch="False" />
            <line number="36" hits="0" branch="False" />
            <line number="37" hits="0" branch="False" />
          </lines>
        </class>
        <class name="Logging.Client.Middleware.SentryUserContextMiddleware" filename="Middleware\SentryUserContextMiddleware.cs" line-rate="0.44439999999999996" branch-rate="0" complexity="3">
          <methods>
            <method name="SetCorrelationIdTag" signature="(Sentry.Scope)" line-rate="0" branch-rate="0" complexity="2">
              <lines>
                <line number="68" hits="0" branch="False" />
                <line number="69" hits="0" branch="False" />
                <line number="70" hits="0" branch="True" condition-coverage="0% (0/2)">
                  <conditions>
                    <condition number="18" type="jump" coverage="0%" />
                  </conditions>
                </line>
                <line number="71" hits="0" branch="False" />
                <line number="72" hits="0" branch="False" />
              </lines>
            </method>
            <method name=".ctor" signature="(Microsoft.AspNetCore.Http.RequestDelegate)" line-rate="1" branch-rate="1" complexity="1">
              <lines>
                <line number="23" hits="11" branch="False" />
                <line number="24" hits="11" branch="False" />
                <line number="25" hits="11" branch="False" />
                <line number="26" hits="11" branch="False" />
              </lines>
            </method>
          </methods>
          <lines>
            <line number="68" hits="0" branch="False" />
            <line number="69" hits="0" branch="False" />
            <line number="70" hits="0" branch="True" condition-coverage="0% (0/2)">
              <conditions>
                <condition number="18" type="jump" coverage="0%" />
              </conditions>
            </line>
            <line number="71" hits="0" branch="False" />
            <line number="72" hits="0" branch="False" />
            <line number="23" hits="11" branch="False" />
            <line number="24" hits="11" branch="False" />
            <line number="25" hits="11" branch="False" />
            <line number="26" hits="11" branch="False" />
          </lines>
        </class>
        <class name="Logging.Client.Middleware.SentryUserContextMiddleware/&lt;&gt;c" filename="Middleware\SentryUserContextMiddleware.cs" line-rate="0.2" branch-rate="1" complexity="1">
          <methods>
            <method name="&lt;InvokeAsync&gt;b__4_0" signature="(Sentry.Scope)" line-rate="0.2" branch-rate="1" complexity="1">
              <lines>
                <line number="57" hits="0" branch="False" />
                <line number="58" hits="0" branch="False" />
                <line number="59" hits="0" branch="False" />
                <line number="60" hits="0" branch="False" />
                <line number="61" hits="4" branch="False" />
              </lines>
            </method>
          </methods>
          <lines>
            <line number="57" hits="0" branch="False" />
            <line number="58" hits="0" branch="False" />
            <line number="59" hits="0" branch="False" />
            <line number="60" hits="0" branch="False" />
            <line number="61" hits="4" branch="False" />
          </lines>
        </class>
        <class name="Logging.Client.Middleware.SentryUserContextMiddleware/&lt;&gt;c__DisplayClass4_0" filename="Middleware\SentryUserContextMiddleware.cs" line-rate="0.14279999999999998" branch-rate="0" complexity="4">
          <methods>
            <method name="&lt;InvokeAsync&gt;b__1" signature="(Sentry.Scope)" line-rate="0.14279999999999998" branch-rate="0" complexity="4">
              <lines>
                <line number="43" hits="0" branch="False" />
                <line number="44" hits="0" branch="True" condition-coverage="0% (0/2)">
                  <conditions>
                    <condition number="17" type="jump" coverage="0%" />
                  </conditions>
                </line>
                <line number="45" hits="0" branch="False" />
                <line number="47" hits="0" branch="True" condition-coverage="0% (0/2)">
                  <conditions>
                    <condition number="60" type="jump" coverage="0%" />
                  </conditions>
                </line>
                <line number="48" hits="0" branch="False" />
                <line number="50" hits="0" branch="False" />
                <line number="51" hits="56" branch="False" />
              </lines>
            </method>
          </methods>
          <lines>
            <line number="43" hits="0" branch="False" />
            <line number="44" hits="0" branch="True" condition-coverage="0% (0/2)">
              <conditions>
                <condition number="17" type="jump" coverage="0%" />
              </conditions>
            </line>
            <line number="45" hits="0" branch="False" />
            <line number="47" hits="0" branch="True" condition-coverage="0% (0/2)">
              <conditions>
                <condition number="60" type="jump" coverage="0%" />
              </conditions>
            </line>
            <line number="48" hits="0" branch="False" />
            <line number="50" hits="0" branch="False" />
            <line number="51" hits="56" branch="False" />
          </lines>
        </class>
        <class name="Logging.Client.Middleware.SentryUserContextMiddleware/&lt;InvokeAsync&gt;d__4" filename="Middleware\SentryUserContextMiddleware.cs" line-rate="1" branch-rate="0.8" complexity="10">
          <methods>
            <method name="MoveNext" signature="()" line-rate="1" branch-rate="0.8" complexity="10">
              <lines>
                <line number="33" hits="60" branch="False" />
                <line number="34" hits="60" branch="False" />
                <line number="35" hits="60" branch="True" condition-coverage="50% (2/4)">
                  <conditions>
                    <condition number="43" type="jump" coverage="50%" />
                    <condition number="55" type="jump" coverage="50%" />
                  </conditions>
                </line>
                <line number="37" hits="60" branch="True" condition-coverage="100% (2/2)">
                  <conditions>
                    <condition number="100" type="jump" coverage="100%" />
                  </conditions>
                </line>
                <line number="38" hits="56" branch="False" />
                <line number="39" hits="56" branch="True" condition-coverage="100% (2/2)">
                  <conditions>
                    <condition number="137" type="jump" coverage="100%" />
                  </conditions>
                </line>
                <line number="40" hits="56" branch="True" condition-coverage="100% (2/2)">
                  <conditions>
                    <condition number="176" type="jump" coverage="100%" />
                  </conditions>
                </line>
                <line number="42" hits="56" branch="False" />
                <line number="46" hits="56" branch="False" />
                <line number="49" hits="56" branch="False" />
                <line number="52" hits="56" branch="False" />
                <line number="54" hits="4" branch="False" />
                <line number="56" hits="4" branch="False" />
                <line number="62" hits="4" branch="False" />
                <line number="64" hits="60" branch="False" />
                <line number="65" hits="60" branch="False" />
              </lines>
            </method>
          </methods>
          <lines>
            <line number="33" hits="60" branch="False" />
            <line number="34" hits="60" branch="False" />
            <line number="35" hits="60" branch="True" condition-coverage="50% (2/4)">
              <conditions>
                <condition number="43" type="jump" coverage="50%" />
                <condition number="55" type="jump" coverage="50%" />
              </conditions>
            </line>
            <line number="37" hits="60" branch="True" condition-coverage="100% (2/2)">
              <conditions>
                <condition number="100" type="jump" coverage="100%" />
              </conditions>
            </line>
            <line number="38" hits="56" branch="False" />
            <line number="39" hits="56" branch="True" condition-coverage="100% (2/2)">
              <conditions>
                <condition number="137" type="jump" coverage="100%" />
              </conditions>
            </line>
            <line number="40" hits="56" branch="True" condition-coverage="100% (2/2)">
              <conditions>
                <condition number="176" type="jump" coverage="100%" />
              </conditions>
            </line>
            <line number="42" hits="56" branch="False" />
            <line number="46" hits="56" branch="False" />
            <line number="49" hits="56" branch="False" />
            <line number="52" hits="56" branch="False" />
            <line number="54" hits="4" branch="False" />
            <line number="56" hits="4" branch="False" />
            <line number="62" hits="4" branch="False" />
            <line number="64" hits="60" branch="False" />
            <line number="65" hits="60" branch="False" />
          </lines>
        </class>
        <class name="Logging.Client.Masking.PiiMaskingPolicy" filename="Masking\PiiMaskingPolicy.cs" line-rate="1" branch-rate="0.9444" complexity="18">
          <methods>
            <method name="TryDestructure" signature="(System.Object,Serilog.Core.ILogEventPropertyValueFactory,Serilog.Events.LogEventPropertyValue&amp;)" line-rate="1" branch-rate="1" complexity="4">
              <lines>
                <line number="30" hits="3" branch="False" />
                <line number="31" hits="3" branch="False" />
                <line number="33" hits="4" branch="True" condition-coverage="100% (2/2)">
                  <conditions>
                    <condition number="20" type="jump" coverage="100%" />
                  </conditions>
                </line>
                <line number="35" hits="2" branch="False" />
                <line number="36" hits="3" branch="True" condition-coverage="100% (2/2)">
                  <conditions>
                    <condition number="44" type="jump" coverage="100%" />
                  </conditions>
                </line>
                <line number="38" hits="1" branch="False" />
                <line number="39" hits="1" branch="False" />
                <line number="40" hits="3" branch="False" />
              </lines>
            </method>
            <method name="MaskIfPii" signature="(System.String)" line-rate="1" branch-rate="1" complexity="6">
              <lines>
                <line number="47" hits="3019" branch="False" />
                <line number="48" hits="3020" branch="True" condition-coverage="100% (2/2)">
                  <conditions>
                    <condition number="9" type="jump" coverage="100%" />
                  </conditions>
                </line>
                <line number="51" hits="3018" branch="False" />
                <line number="52" hits="5025" branch="True" condition-coverage="100% (2/2)">
                  <conditions>
                    <condition number="35" type="jump" coverage="100%" />
                  </conditions>
                </line>
                <line number="55" hits="2015" branch="True" condition-coverage="100% (2/2)">
                  <conditions>
                    <condition number="61" type="jump" coverage="100%" />
                  </conditions>
                </line>
                <line number="57" hits="7" branch="False" />
                <line number="58" hits="3019" branch="False" />
              </lines>
            </method>
            <method name="MaskSensitiveProperty" signature="(System.String,System.String)" line-rate="1" branch-rate="1" complexity="2">
              <lines>
                <line number="64" hits="1016" branch="False" />
                <line number="65" hits="1016" branch="True" condition-coverage="100% (2/2)">
                  <conditions>
                    <condition number="14" type="jump" coverage="100%" />
                  </conditions>
                </line>
                <line number="66" hits="1014" branch="False" />
                <line number="68" hits="2" branch="False" />
                <line number="69" hits="1016" branch="False" />
              </lines>
            </method>
            <method name="MaskEmail" signature="(System.Text.RegularExpressions.Match)" line-rate="1" branch-rate="1" complexity="4">
              <lines>
                <line number="72" hits="2007" branch="False" />
                <line number="73" hits="2007" branch="False" />
                <line number="74" hits="2007" branch="False" />
                <line number="75" hits="2007" branch="False" />
                <line number="77" hits="2007" branch="True" condition-coverage="100% (2/2)">
                  <conditions>
                    <condition number="62" type="jump" coverage="100%" />
                  </conditions>
                </line>
                <line number="78" hits="2007" branch="False" />
                <line number="79" hits="2007" branch="False" />
                <line number="82" hits="2007" branch="True" condition-coverage="100% (2/2)">
                  <conditions>
                    <condition number="98" type="jump" coverage="100%" />
                  </conditions>
                </line>
                <line number="83" hits="2007" branch="False" />
                <line number="84" hits="2007" branch="False" />
                <line number="86" hits="2007" branch="False" />
                <line number="87" hits="2007" branch="False" />
              </lines>
            </method>
            <method name="MaskPhone" signature="(System.String)" line-rate="1" branch-rate="0.5" complexity="2">
              <lines>
                <line number="90" hits="1004" branch="False" />
                <line number="92" hits="1004" branch="False" />
                <line number="93" hits="1004" branch="True" condition-coverage="50% (1/2)">
                  <conditions>
                    <condition number="56" type="jump" coverage="50%" />
                  </conditions>
                </line>
                <line number="96" hits="1004" branch="False" />
                <line number="97" hits="1004" branch="False" />
                <line number="98" hits="1004" branch="False" />
                <line number="100" hits="1004" branch="False" />
                <line number="101" hits="1004" branch="False" />
              </lines>
            </method>
          </methods>
          <lines>
            <line number="30" hits="3" branch="False" />
            <line number="31" hits="3" branch="False" />
            <line number="33" hits="4" branch="True" condition-coverage="100% (2/2)">
              <conditions>
                <condition number="20" type="jump" coverage="100%" />
              </conditions>
            </line>
            <line number="35" hits="2" branch="False" />
            <line number="36" hits="3" branch="True" condition-coverage="100% (2/2)">
              <conditions>
                <condition number="44" type="jump" coverage="100%" />
              </conditions>
            </line>
            <line number="38" hits="1" branch="False" />
            <line number="39" hits="1" branch="False" />
            <line number="40" hits="3" branch="False" />
            <line number="47" hits="3019" branch="False" />
            <line number="48" hits="3020" branch="True" condition-coverage="100% (2/2)">
              <conditions>
                <condition number="9" type="jump" coverage="100%" />
              </conditions>
            </line>
            <line number="51" hits="3018" branch="False" />
            <line number="52" hits="5025" branch="True" condition-coverage="100% (2/2)">
              <conditions>
                <condition number="35" type="jump" coverage="100%" />
              </conditions>
            </line>
            <line number="55" hits="2015" branch="True" condition-coverage="100% (2/2)">
              <conditions>
                <condition number="61" type="jump" coverage="100%" />
              </conditions>
            </line>
            <line number="57" hits="7" branch="False" />
            <line number="58" hits="3019" branch="False" />
            <line number="64" hits="1016" branch="False" />
            <line number="65" hits="1016" branch="True" condition-coverage="100% (2/2)">
              <conditions>
                <condition number="14" type="jump" coverage="100%" />
              </conditions>
            </line>
            <line number="66" hits="1014" branch="False" />
            <line number="68" hits="2" branch="False" />
            <line number="69" hits="1016" branch="False" />
            <line number="72" hits="2007" branch="False" />
            <line number="73" hits="2007" branch="False" />
            <line number="74" hits="2007" branch="False" />
            <line number="75" hits="2007" branch="False" />
            <line number="77" hits="2007" branch="True" condition-coverage="100% (2/2)">
              <conditions>
                <condition number="62" type="jump" coverage="100%" />
              </conditions>
            </line>
            <line number="78" hits="2007" branch="False" />
            <line number="79" hits="2007" branch="False" />
            <line number="82" hits="2007" branch="True" condition-coverage="100% (2/2)">
              <conditions>
                <condition number="98" type="jump" coverage="100%" />
              </conditions>
            </line>
            <line number="83" hits="2007" branch="False" />
            <line number="84" hits="2007" branch="False" />
            <line number="86" hits="2007" branch="False" />
            <line number="87" hits="2007" branch="False" />
            <line number="90" hits="1004" branch="False" />
            <line number="92" hits="1004" branch="False" />
            <line number="93" hits="1004" branch="True" condition-coverage="50% (1/2)">
              <conditions>
                <condition number="56" type="jump" coverage="50%" />
              </conditions>
            </line>
            <line number="96" hits="1004" branch="False" />
            <line number="97" hits="1004" branch="False" />
            <line number="98" hits="1004" branch="False" />
            <line number="100" hits="1004" branch="False" />
            <line number="101" hits="1004" branch="False" />
          </lines>
        </class>
        <class name="Logging.Client.Masking.SensitivePropertyNames" filename="Masking\SensitivePropertyNames.cs" line-rate="1" branch-rate="1" complexity="1">
          <methods>
            <method name=".cctor" signature="()" line-rate="1" branch-rate="1" complexity="1">
              <lines>
                <line number="13" hits="1" branch="False" />
                <line number="14" hits="1" branch="False" />
                <line number="15" hits="1" branch="False" />
                <line number="16" hits="1" branch="False" />
                <line number="17" hits="1" branch="False" />
                <line number="18" hits="1" branch="False" />
                <line number="19" hits="1" branch="False" />
                <line number="20" hits="1" branch="False" />
                <line number="21" hits="1" branch="False" />
                <line number="22" hits="1" branch="False" />
                <line number="23" hits="1" branch="False" />
                <line number="24" hits="1" branch="False" />
                <line number="25" hits="1" branch="False" />
                <line number="26" hits="1" branch="False" />
                <line number="27" hits="1" branch="False" />
                <line number="28" hits="1" branch="False" />
                <line number="29" hits="1" branch="False" />
                <line number="30" hits="1" branch="False" />
              </lines>
            </method>
          </methods>
          <lines>
            <line number="13" hits="1" branch="False" />
            <line number="14" hits="1" branch="False" />
            <line number="15" hits="1" branch="False" />
            <line number="16" hits="1" branch="False" />
            <line number="17" hits="1" branch="False" />
            <line number="18" hits="1" branch="False" />
            <line number="19" hits="1" branch="False" />
            <line number="20" hits="1" branch="False" />
            <line number="21" hits="1" branch="False" />
            <line number="22" hits="1" branch="False" />
            <line number="23" hits="1" branch="False" />
            <line number="24" hits="1" branch="False" />
            <line number="25" hits="1" branch="False" />
            <line number="26" hits="1" branch="False" />
            <line number="27" hits="1" branch="False" />
            <line number="28" hits="1" branch="False" />
            <line number="29" hits="1" branch="False" />
            <line number="30" hits="1" branch="False" />
          </lines>
        </class>
        <class name="Logging.Client.Extensions.LoggingServiceExtensions" filename="Extensions\LoggingServiceExtensions.cs" line-rate="0.3978" branch-rate="0.6785" complexity="30">
          <methods>
            <method name="AddStructuredLogging" signature="(Microsoft.AspNetCore.Builder.WebApplicationBuilder,System.Action`1&lt;Logging.Client.Configuration.LoggingOptions&gt;)" line-rate="0" branch-rate="0" complexity="2">
              <lines>
                <line number="35" hits="0" branch="False" />
                <line number="36" hits="0" branch="False" />
                <line number="37" hits="0" branch="False" />
                <line number="40" hits="0" branch="False" />
                <line number="41" hits="0" branch="False" />
                <line number="43" hits="0" branch="False" />
                <line number="45" hits="0" branch="False" />
                <line number="46" hits="0" branch="False" />
                <line number="47" hits="0" branch="False" />
                <line number="48" hits="0" branch="False" />
                <line number="49" hits="0" branch="False" />
                <line number="50" hits="0" branch="False" />
                <line number="51" hits="0" branch="False" />
                <line number="52" hits="0" branch="False" />
                <line number="53" hits="0" branch="False" />
                <line number="54" hits="0" branch="False" />
                <line number="57" hits="0" branch="True" condition-coverage="0% (0/2)">
                  <conditions>
                    <condition number="195" type="jump" coverage="0%" />
                  </conditions>
                </line>
                <line number="58" hits="0" branch="False" />
                <line number="61" hits="0" branch="False" />
                <line number="64" hits="0" branch="False" />
                <line number="67" hits="0" branch="False" />
                <line number="69" hits="0" branch="False" />
                <line number="70" hits="0" branch="False" />
                <line number="73" hits="0" branch="False" />
                <line number="76" hits="0" branch="False" />
                <line number="78" hits="0" branch="False" />
                <line number="79" hits="0" branch="False" />
              </lines>
            </method>
            <method name="UseCorrelationIdMiddleware" signature="(Microsoft.AspNetCore.Builder.IApplicationBuilder)" line-rate="0" branch-rate="1" complexity="1">
              <lines>
                <line number="86" hits="0" branch="False" />
                <line number="87" hits="0" branch="False" />
                <line number="88" hits="0" branch="False" />
              </lines>
            </method>
            <method name="UseSentryUserContext" signature="(Microsoft.AspNetCore.Builder.IApplicationBuilder)" line-rate="0" branch-rate="1" complexity="1">
              <lines>
                <line number="95" hits="0" branch="False" />
                <line number="96" hits="0" branch="False" />
                <line number="97" hits="0" branch="False" />
              </lines>
            </method>
            <method name="ConfigureSink" signature="(Serilog.LoggerConfiguration,Logging.Client.Configuration.LoggingOptions,System.String)" line-rate="0.9285" branch-rate="1" complexity="4">
              <lines>
                <line number="106" hits="4" branch="False" />
                <line number="107" hits="4" branch="True" condition-coverage="100% (4/4)">
                  <conditions>
                    <condition number="11" type="jump" coverage="100%" />
                    <condition number="17" type="jump" coverage="100%" />
                  </conditions>
                </line>
                <line number="110" hits="2" branch="False" />
                <line number="111" hits="2" branch="False" />
                <line number="112" hits="2" branch="False" />
                <line number="113" hits="2" branch="False" />
                <line number="114" hits="2" branch="False" />
                <line number="115" hits="2" branch="False" />
                <line number="116" hits="2" branch="False" />
                <line number="117" hits="2" branch="False" />
                <line number="118" hits="2" branch="False" />
                <line number="122" hits="2" branch="False" />
                <line number="126" hits="0" branch="False" />
                <line number="128" hits="4" branch="False" />
              </lines>
            </method>
            <method name="ConfigureSentrySink" signature="(Serilog.LoggerConfiguration,Logging.Client.Configuration.LoggingOptions)" line-rate="1" branch-rate="1" complexity="2">
              <lines>
                <line number="138" hits="11" branch="False" />
                <line number="139" hits="14" branch="True" condition-coverage="100% (2/2)">
                  <conditions>
                    <condition number="32" type="jump" coverage="100%" />
                  </conditions>
                </line>
                <line number="141" hits="8" branch="False" />
                <line number="142" hits="8" branch="False" />
                <line number="143" hits="8" branch="False" />
                <line number="144" hits="8" branch="False" />
                <line number="145" hits="8" branch="False" />
                <line number="146" hits="8" branch="False" />
                <line number="147" hits="8" branch="False" />
                <line number="148" hits="16" branch="False" />
                <line number="149" hits="11" branch="False" />
              </lines>
            </method>
            <method name="ConfigureSentrySdk" signature="(Microsoft.AspNetCore.Builder.WebApplicationBuilder,Logging.Client.Configuration.LoggingOptions,System.String)" line-rate="0" branch-rate="0" complexity="6">
              <lines>
                <line number="161" hits="0" branch="False" />
                <line number="162" hits="0" branch="True" condition-coverage="0% (0/2)">
                  <conditions>
                    <condition number="39" type="jump" coverage="0%" />
                  </conditions>
                </line>
                <line number="164" hits="0" branch="False" />
                <line number="165" hits="0" branch="False" />
                <line number="166" hits="0" branch="False" />
                <line number="167" hits="0" branch="True" condition-coverage="0% (0/2)">
                  <conditions>
                    <condition number="32" type="jump" coverage="0%" />
                  </conditions>
                </line>
                <line number="168" hits="0" branch="False" />
                <line number="169" hits="0" branch="False" />
                <line number="170" hits="0" branch="False" />
                <line number="171" hits="0" branch="False" />
                <line number="172" hits="0" branch="False" />
                <line number="173" hits="0" branch="False" />
                <line number="174" hits="0" branch="False" />
                <line number="175" hits="0" branch="False" />
                <line number="176" hits="0" branch="False" />
[...]
            <line number="147" hits="8" branch="False" />
            <line number="148" hits="16" branch="False" />
            <line number="149" hits="11" branch="False" />
            <line number="161" hits="0" branch="False" />
            <line number="162" hits="0" branch="True" condition-coverage="0% (0/2)">
              <conditions>
                <condition number="39" type="jump" coverage="0%" />
              </conditions>
            </line>
            <line number="164" hits="0" branch="False" />
            <line number="165" hits="0" branch="False" />
            <line number="166" hits="0" branch="False" />
            <line number="167" hits="0" branch="True" condition-coverage="0% (0/2)">
              <conditions>
                <condition number="32" type="jump" coverage="0%" />
              </conditions>
            </line>
            <line number="168" hits="0" branch="False" />
            <line number="169" hits="0" branch="False" />
            <line number="170" hits="0" branch="False" />
            <line number="171" hits="0" branch="False" />
            <line number="172" hits="0" branch="False" />
            <line number="173" hits="0" branch="False" />
            <line number="174" hits="0" branch="False" />
            <line number="175" hits="0" branch="False" />
            <line number="176" hits="0" branch="False" />
            <line number="177" hits="0" branch="True" condition-coverage="0% (0/2)">
              <conditions>
                <condition number="18" type="jump" coverage="0%" />
              </conditions>
            </line>
            <line number="178" hits="0" branch="False" />
            <line number="179" hits="0" branch="False" />
            <line number="180" hits="0" branch="False" />
            <line number="181" hits="0" branch="False" />
            <line number="182" hits="0" branch="False" />
            <line number="183" hits="0" branch="False" />
            <line number="192" hits="10" branch="False" />
            <line number="193" hits="11" branch="True" condition-coverage="100% (2/2)">
              <conditions>
                <condition number="14" type="jump" coverage="100%" />
              </conditions>
            </line>
            <line number="195" hits="9" branch="False" />
            <line number="196" hits="10" branch="True" condition-coverage="100% (2/2)">
              <conditions>
                <condition number="46" type="jump" coverage="100%" />
              </conditions>
            </line>
            <line number="198" hits="9" branch="False" />
            <line number="199" hits="10" branch="True" condition-coverage="100% (2/2)">
              <conditions>
                <condition number="81" type="jump" coverage="100%" />
              </conditions>
            </line>
            <line number="201" hits="9" branch="False" />
            <line number="202" hits="9" branch="True" condition-coverage="100% (4/4)">
              <conditions>
                <condition number="109" type="jump" coverage="100%" />
                <condition number="127" type="jump" coverage="100%" />
              </conditions>
            </line>
            <line number="203" hits="1" branch="False" />
            <line number="205" hits="9" branch="False" />
            <line number="206" hits="9" branch="True" condition-coverage="75% (3/4)">
              <conditions>
                <condition number="157" type="jump" coverage="50%" />
                <condition number="175" type="jump" coverage="100%" />
              </conditions>
            </line>
            <line number="207" hits="8" branch="False" />
            <line number="208" hits="10" branch="False" />
          </lines>
        </class>
        <class name="Logging.Client.Enrichers.CorrelationIdEnricher" filename="Enrichers\CorrelationIdEnricher.cs" line-rate="1" branch-rate="1" complexity="2">
          <methods>
            <method name="Enrich" signature="(Serilog.Events.LogEvent,Serilog.Core.ILogEventPropertyFactory)" line-rate="1" branch-rate="1" complexity="2">
              <lines>
                <line number="21" hits="1003" branch="False" />
                <line number="22" hits="1003" branch="False" />
                <line number="23" hits="1005" branch="True" condition-coverage="100% (2/2)">
                  <conditions>
                    <condition number="15" type="jump" coverage="100%" />
                  </conditions>
                </line>
                <line number="25" hits="1001" branch="False" />
                <line number="26" hits="1001" branch="False" />
                <line number="27" hits="1003" branch="False" />
              </lines>
            </method>
          </methods>
          <lines>
            <line number="21" hits="1003" branch="False" />
            <line number="22" hits="1003" branch="False" />
            <line number="23" hits="1005" branch="True" condition-coverage="100% (2/2)">
              <conditions>
                <condition number="15" type="jump" coverage="100%" />
              </conditions>
            </line>
            <line number="25" hits="1001" branch="False" />
            <line number="26" hits="1001" branch="False" />
            <line number="27" hits="1003" branch="False" />
          </lines>
        </class>
        <class name="Logging.Client.Enrichers.TenantEnricher" filename="Enrichers\TenantEnricher.cs" line-rate="0.8076000000000001" branch-rate="0.5" complexity="19">
          <methods>
            <method name="Enrich" signature="(Serilog.Events.LogEvent,Serilog.Core.ILogEventPropertyFactory)" line-rate="1" branch-rate="1" complexity="2">
              <lines>
                <line number="34" hits="5" branch="False" />
                <line number="35" hits="5" branch="False" />
                <line number="36" hits="8" branch="True" condition-coverage="100% (2/2)">
                  <conditions>
                    <condition number="16" type="jump" coverage="100%" />
                  </conditions>
                </line>
                <line number="38" hits="2" branch="False" />
                <line number="39" hits="2" branch="False" />
                <line number="40" hits="5" branch="False" />
              </lines>
            </method>
            <method name="ResolveTenantId" signature="()" line-rate="0.6875" branch-rate="0.4375" complexity="16">
              <lines>
                <line number="43" hits="5" branch="False" />
                <line number="44" hits="5" branch="False" />
                <line number="45" hits="6" branch="True" condition-coverage="100% (2/2)">
                  <conditions>
                    <condition number="21" type="jump" coverage="100%" />
                  </conditions>
                </line>
                <line number="48" hits="4" branch="False" />
                <line number="49" hits="4" branch="True" condition-coverage="25% (1/4)">
                  <conditions>
                    <condition number="49" type="jump" coverage="50%" />
                    <condition number="61" type="jump" coverage="0%" />
                  </conditions>
                </line>
                <line number="50" hits="4" branch="False" />
                <line number="51" hits="4" branch="False" />
                <line number="53" hits="4" branch="True" condition-coverage="50% (1/2)">
                  <conditions>
                    <condition number="82" type="jump" coverage="50%" />
                  </conditions>
                </line>
                <line number="54" hits="0" branch="False" />
                <line number="55" hits="0" branch="False" />
                <line number="56" hits="0" branch="True" condition-coverage="0% (0/2)">
                  <conditions>
                    <condition number="105" type="jump" coverage="0%" />
                  </conditions>
                </line>
                <line number="57" hits="0" branch="True" condition-coverage="0% (0/2)">
                  <conditions>
                    <condition number="129" type="jump" coverage="0%" />
                  </conditions>
                </line>
                <line number="58" hits="0" branch="False" />
                <line number="61" hits="4" branch="True" condition-coverage="50% (1/2)">
                  <conditions>
                    <condition number="150" type="jump" coverage="50%" />
                  </conditions>
                </line>
                <line number="62" hits="4" branch="True" condition-coverage="100% (2/2)">
                  <conditions>
                    <condition number="168" type="jump" coverage="100%" />
                  </conditions>
                </line>
                <line number="63" hits="5" branch="False" />
              </lines>
            </method>
            <method name=".ctor" signature="(Microsoft.AspNetCore.Http.IHttpContextAccessor)" line-rate="1" branch-rate="1" complexity="1">
              <lines>
                <line number="25" hits="5" branch="False" />
                <line number="26" hits="5" branch="False" />
                <line number="27" hits="5" branch="False" />
                <line number="28" hits="5" branch="False" />
              </lines>
            </method>
          </methods>
          <lines>
            <line number="34" hits="5" branch="False" />
            <line number="35" hits="5" branch="False" />
            <line number="36" hits="8" branch="True" condition-coverage="100% (2/2)">
              <conditions>
                <condition number="16" type="jump" coverage="100%" />
              </conditions>
            </line>
            <line number="38" hits="2" branch="False" />
            <line number="39" hits="2" branch="False" />
            <line number="40" hits="5" branch="False" />
            <line number="43" hits="5" branch="False" />
            <line number="44" hits="5" branch="False" />
            <line number="45" hits="6" branch="True" condition-coverage="100% (2/2)">
              <conditions>
                <condition number="21" type="jump" coverage="100%" />
              </conditions>
            </line>
            <line number="48" hits="4" branch="False" />
            <line number="49" hits="4" branch="True" condition-coverage="25% (1/4)">
              <conditions>
                <condition number="49" type="jump" coverage="50%" />
                <condition number="61" type="jump" coverage="0%" />
              </conditions>
            </line>
            <line number="50" hits="4" branch="False" />
            <line number="51" hits="4" branch="False" />
            <line number="53" hits="4" branch="True" condition-coverage="50% (1/2)">
              <conditions>
                <condition number="82" type="jump" coverage="50%" />
              </conditions>
            </line>
            <line number="54" hits="0" branch="False" />
            <line number="55" hits="0" branch="False" />
            <line number="56" hits="0" branch="True" condition-coverage="0% (0/2)">
              <conditions>
                <condition number="105" type="jump" coverage="0%" />
              </conditions>
            </line>
            <line number="57" hits="0" branch="True" condition-coverage="0% (0/2)">
              <conditions>
                <condition number="129" type="jump" coverage="0%" />
              </conditions>
            </line>
            <line number="58" hits="0" branch="False" />
            <line number="61" hits="4" branch="True" condition-coverage="50% (1/2)">
              <conditions>
                <condition number="150" type="jump" coverage="50%" />
              </conditions>
            </line>
            <line number="62" hits="4" branch="True" condition-coverage="100% (2/2)">
              <conditions>
                <condition number="168" type="jump" coverage="100%" />
              </conditions>
            </line>
            <line number="63" hits="5" branch="False" />
            <line number="25" hits="5" branch="False" />
            <line number="26" hits="5" branch="False" />
            <line number="27" hits="5" branch="False" />
            <line number="28" hits="5" branch="False" />
          </lines>
        </class>
        <class name="Logging.Client.Enrichers.UserContextEnricher" filename="Enrichers\UserContextEnricher.cs" line-rate="1" branch-rate="0.875" complexity="9">
          <methods>
            <method name="Enrich" signature="(Serilog.Events.LogEvent,Serilog.Core.ILogEventPropertyFactory)" line-rate="1" branch-rate="0.875" complexity="8">
              <lines>
                <line number="33" hits="3" branch="False" />
                <line number="34" hits="3" branch="True" condition-coverage="83.33% (5/6)">
                  <conditions>
                    <condition number="13" type="jump" coverage="100%" />
                    <condition number="25" type="jump" coverage="50%" />
                    <condition number="42" type="jump" coverage="100%" />
                  </conditions>
                </line>
                <line number="35" hits="5" branch="True" condition-coverage="100% (2/2)">
                  <conditions>
                    <condition number="62" type="jump" coverage="100%" />
                  </conditions>
                </line>
                <line number="37" hits="1" branch="False" />
                <line number="38" hits="1" branch="False" />
                <line number="39" hits="3" branch="False" />
              </lines>
            </method>
            <method name=".ctor" signature="(Microsoft.AspNetCore.Http.IHttpContextAccessor)" line-rate="1" branch-rate="1" complexity="1">
              <lines>
                <line number="24" hits="3" branch="False" />
                <line number="25" hits="3" branch="False" />
                <line number="26" hits="3" branch="False" />
                <line number="27" hits="3" branch="False" />
              </lines>
            </method>
          </methods>
          <lines>
            <line number="33" hits="3" branch="False" />
            <line number="34" hits="3" branch="True" condition-coverage="83.33% (5/6)">
              <conditions>
                <condition number="13" type="jump" coverage="100%" />
                <condition number="25" type="jump" coverage="50%" />
                <condition number="42" type="jump" coverage="100%" />
              </conditions>
            </line>
            <line number="35" hits="5" branch="True" condition-coverage="100% (2/2)">
              <conditions>
                <condition number="62" type="jump" coverage="100%" />
              </conditions>
            </line>
            <line number="37" hits="1" branch="False" />
            <line number="38" hits="1" branch="False" />
            <line number="39" hits="3" branch="False" />
            <line number="24" hits="3" branch="False" />
            <line number="25" hits="3" branch="False" />
            <line number="26" hits="3" branch="False" />
            <line number="27" hits="3" branch="False" />
          </lines>
        </class>
        <class name="Logging.Client.Context.CorrelationIdContext" filename="Context\CorrelationIdContext.cs" line-rate="1" branch-rate="1" complexity="3">
          <methods>
            <method name="get_Current" signature="()" line-rate="1" branch-rate="1" complexity="1">
              <lines>
                <line number="15" hits="2158" branch="False" />
              </lines>
            </method>
            <method name="set_Current" signature="(System.String)" line-rate="1" branch-rate="1" complexity="1">
              <lines>
                <line number="16" hits="2168" branch="False" />
              </lines>
            </method>
            <method name=".cctor" signature="()" line-rate="1" branch-rate="1" complexity="1">
              <lines>
                <line number="8" hits="1" branch="False" />
              </lines>
            </method>
          </methods>
          <lines>
            <line number="15" hits="2158" branch="False" />
            <line number="16" hits="2168" branch="False" />
            <line number="8" hits="1" branch="False" />
          </lines>
        </class>
        <class name="Logging.Client.Configuration.LoggingOptions" filename="Configuration\LoggingOptions.cs" line-rate="1" branch-rate="1" complexity="10">
          <methods>
            <method name="get_ServiceName" signature="()" line-rate="1" branch-rate="1" complexity="1">
              <lines>
                <line number="14" hits="42" branch="False" />
              </lines>
            </method>
            <method name="get_LokiUrl" signature="()" line-rate="1" branch-rate="1" complexity="1">
              <lines>
                <line number="19" hits="32" branch="False" />
              </lines>
            </method>
            <method name="get_SinkType" signature="()" line-rate="1" branch-rate="1" complexity="1">
              <lines>
                <line number="24" hits="36" branch="False" />
              </lines>
            </method>
            <method name="get_EnablePiiMasking" signature="()" line-rate="1" branch-rate="1" complexity="1">
              <lines>
                <line number="30" hits="28" branch="False" />
              </lines>
            </method>
            <method name="get_ConsoleTemplate" signature="()" line-rate="1" branch-rate="1" complexity="1">
              <lines>
                <line number="35" hits="1" branch="False" />
              </lines>
            </method>
            <method name="get_SentryDsn" signature="()" line-rate="1" branch-rate="1" complexity="1">
              <lines>
                <line number="41" hits="62" branch="False" />
              </lines>
            </method>
            <method name="get_SentryEnvironment" signature="()" line-rate="1" branch-rate="1" complexity="1">
              <lines>
                <line number="46" hits="42" branch="False" />
              </lines>
            </method>
            <method name="get_SentryMinimumLevel" signature="()" line-rate="1" branch-rate="1" complexity="1">
              <lines>
                <line number="52" hits="48" branch="False" />
              </lines>
            </method>
            <method name="get_SentryTracesSampleRate" signature="()" line-rate="1" branch-rate="1" complexity="1">
              <lines>
                <line number="60" hits="20" branch="False" />
              </lines>
            </method>
            <method name=".ctor" signature="()" line-rate="1" branch-rate="1" complexity="1">
              <lines>
                <line number="36" hits="27" branch="False" />
              </lines>
            </method>
          </methods>
          <lines>
            <line number="14" hits="42" branch="False" />
            <line number="19" hits="32" branch="False" />
            <line number="24" hits="36" branch="False" />
            <line number="30" hits="28" branch="False" />
            <line number="35" hits="1" branch="False" />
            <line number="41" hits="62" branch="False" />
            <line number="46" hits="42" branch="False" />
            <line number="52" hits="48" branch="False" />
            <line number="60" hits="20" branch="False" />
            <line number="36" hits="27" branch="False" />
          </lines>
        </class>
      </classes>
    </package>
  </packages>
</coverage>